\BOOKMARK [-1][-]{part.1}{Introduction}{}% 1
\BOOKMARK [0][-]{chapter.1}{Introduction}{part.1}% 2
\BOOKMARK [1][-]{section.1.1}{Introduction}{chapter.1}% 3
\BOOKMARK [1][-]{section.1.2}{Outline of Report}{chapter.1}% 4
\BOOKMARK [1][-]{section.1.3}{Statement of Ethics}{chapter.1}% 5
\BOOKMARK [-1][-]{part.2}{Literature Review}{}% 6
\BOOKMARK [0][-]{chapter.2}{Literature Review}{part.2}% 7
\BOOKMARK [1][-]{section.2.1}{General Concepts}{chapter.2}% 8
\BOOKMARK [2][-]{subsection.2.1.1}{Destination Control}{section.2.1}% 9
\BOOKMARK [2][-]{subsection.2.1.2}{Types of Passenger Call}{section.2.1}% 10
\BOOKMARK [2][-]{subsection.2.1.3}{Traffic Types}{section.2.1}% 11
\BOOKMARK [2][-]{subsection.2.1.4}{Types of Hall Call Allocation Policy}{section.2.1}% 12
\BOOKMARK [2][-]{subsection.2.1.5}{General Constraints}{section.2.1}% 13
\BOOKMARK [2][-]{subsection.2.1.6}{Control Objectives}{section.2.1}% 14
\BOOKMARK [1][-]{section.2.2}{Scheduling Algorithms}{chapter.2}% 15
\BOOKMARK [2][-]{subsection.2.2.1}{Down-peak Scheduling Algorithms}{section.2.2}% 16
\BOOKMARK [2][-]{subsection.2.2.2}{Up-peak Scheduling Algorithms}{section.2.2}% 17
\BOOKMARK [2][-]{subsection.2.2.3}{Generic Scheduling Algorithms}{section.2.2}% 18
\BOOKMARK [-1][-]{part.3}{Elevator Simulator}{}% 19
\BOOKMARK [0][-]{chapter.3}{Core Elevator Simulator}{part.3}% 20
\BOOKMARK [1][-]{section.3.1}{Introduction}{chapter.3}% 21
\BOOKMARK [1][-]{section.3.2}{Requirements}{chapter.3}% 22
\BOOKMARK [2][-]{subsection.3.2.1}{Specification of Requirements}{section.3.2}% 23
\BOOKMARK [2][-]{subsection.3.2.2}{Justification of Requirements}{section.3.2}% 24
\BOOKMARK [1][-]{section.3.3}{Technology Decisions}{chapter.3}% 25
\BOOKMARK [1][-]{section.3.4}{Architecture}{chapter.3}% 26
\BOOKMARK [1][-]{section.3.5}{Domain Assumptions}{chapter.3}% 27
\BOOKMARK [1][-]{section.3.6}{Detailed Description of Components}{chapter.3}% 28
\BOOKMARK [2][-]{subsection.3.6.1}{Domain Model Component}{section.3.6}% 29
\BOOKMARK [2][-]{subsection.3.6.2}{Allocator Component}{section.3.6}% 30
\BOOKMARK [2][-]{subsection.3.6.3}{Passenger Distribution Generator}{section.3.6}% 31
\BOOKMARK [2][-]{subsection.3.6.4}{Simulation Configuration}{section.3.6}% 32
\BOOKMARK [1][-]{section.3.7}{Validation}{chapter.3}% 33
\BOOKMARK [2][-]{subsection.3.7.1}{Domain Model Component}{section.3.7}% 34
\BOOKMARK [2][-]{subsection.3.7.2}{Allocator Component}{section.3.7}% 35
\BOOKMARK [0][-]{chapter.4}{TCOS Elevator Simulator}{part.3}% 36
\BOOKMARK [1][-]{section.4.1}{Introduction}{chapter.4}% 37
\BOOKMARK [1][-]{section.4.2}{Additional Requirements}{chapter.4}% 38
\BOOKMARK [2][-]{subsection.4.2.1}{Specification of Requirements}{section.4.2}% 39
\BOOKMARK [2][-]{subsection.4.2.2}{Justification of Requirements}{section.4.2}% 40
\BOOKMARK [1][-]{section.4.3}{Domain Assumptions}{chapter.4}% 41
\BOOKMARK [1][-]{section.4.4}{High Level Design Decisions}{chapter.4}% 42
\BOOKMARK [2][-]{subsection.4.4.1}{Option 1: Dynamic `Zoning' Approach}{section.4.4}% 43
\BOOKMARK [2][-]{subsection.4.4.2}{Option 2: Conflict Resolution Approach}{section.4.4}% 44
\BOOKMARK [2][-]{subsection.4.4.3}{Option 3: Overlapping Dynamic Zoning Approach}{section.4.4}% 45
\BOOKMARK [2][-]{subsection.4.4.4}{Option 4: Extended Overlapping Dynamic Zoning Approach}{section.4.4}% 46
\BOOKMARK [1][-]{section.4.5}{Detailed Description of Changes Made}{chapter.4}% 47
\BOOKMARK [2][-]{subsection.4.5.1}{Domain Model Component}{section.4.5}% 48
\BOOKMARK [2][-]{subsection.4.5.2}{Allocator Component}{section.4.5}% 49
\BOOKMARK [2][-]{subsection.4.5.3}{Simulation Configuration}{section.4.5}% 50
\BOOKMARK [1][-]{section.4.6}{Validation}{chapter.4}% 51
\BOOKMARK [2][-]{subsection.4.6.1}{Domain Model Component}{section.4.6}% 52
\BOOKMARK [2][-]{subsection.4.6.2}{Allocator Component}{section.4.6}% 53
\BOOKMARK [-1][-]{part.4}{Algorithms for TCOS Elevator Systems}{}% 54
\BOOKMARK [0][-]{chapter.5}{Discussion of Allocation Algorithms}{part.4}% 55
\BOOKMARK [1][-]{section.5.1}{Estimated Time of Arrival Allocation \(ETA\)}{chapter.5}% 56
\BOOKMARK [2][-]{subsection.5.1.1}{Na\357ve ETA}{section.5.1}% 57
\BOOKMARK [2][-]{subsection.5.1.2}{Conflict-sensitive ETA}{section.5.1}% 58
\BOOKMARK [2][-]{subsection.5.1.3}{Load-sensitive ETA}{section.5.1}% 59
\BOOKMARK [1][-]{section.5.2}{Estimated Time to Destination Allocation \(ETD\)}{chapter.5}% 60
\BOOKMARK [2][-]{subsection.5.2.1}{Na\357ve ETD}{section.5.2}% 61
\BOOKMARK [2][-]{subsection.5.2.2}{Conflict-sensitive ETD}{section.5.2}% 62
\BOOKMARK [2][-]{subsection.5.2.3}{Load-sensitive ETD}{section.5.2}% 63
\BOOKMARK [1][-]{section.5.3}{Minimal Overlapping Allocation \(MOA\)}{chapter.5}% 64
\BOOKMARK [1][-]{section.5.4}{Fixed TCOS Zoning Allocation \(FZA\)}{chapter.5}% 65
\BOOKMARK [1][-]{section.5.5}{Summary of Allocation Algorithms to Evaluate}{chapter.5}% 66
\BOOKMARK [0][-]{chapter.6}{Simulation of Allocation Algorithms}{part.4}% 67
\BOOKMARK [1][-]{section.6.1}{Implementation}{chapter.6}% 68
\BOOKMARK [2][-]{subsection.6.1.1}{ETA and ETD}{section.6.1}% 69
\BOOKMARK [2][-]{subsection.6.1.2}{MOA}{section.6.1}% 70
\BOOKMARK [2][-]{subsection.6.1.3}{FZA}{section.6.1}% 71
\BOOKMARK [1][-]{section.6.2}{Validation}{chapter.6}% 72
\BOOKMARK [0][-]{chapter.7}{Evaluation of Allocation Algorithms}{part.4}% 73
\BOOKMARK [1][-]{section.7.1}{Simulation Scenario}{chapter.7}% 74
\BOOKMARK [2][-]{subsection.7.1.1}{Parameters of building}{section.7.1}% 75
\BOOKMARK [2][-]{subsection.7.1.2}{Traffic flows}{section.7.1}% 76
\BOOKMARK [2][-]{subsection.7.1.3}{FZA Split Points}{section.7.1}% 77
\BOOKMARK [1][-]{section.7.2}{Results}{chapter.7}% 78
\BOOKMARK [2][-]{subsection.7.2.1}{Up-peak}{section.7.2}% 79
\BOOKMARK [2][-]{subsection.7.2.2}{Down-peak}{section.7.2}% 80
\BOOKMARK [2][-]{subsection.7.2.3}{Interfloor}{section.7.2}% 81
\BOOKMARK [2][-]{subsection.7.2.4}{Lunchtime}{section.7.2}% 82
\BOOKMARK [2][-]{subsection.7.2.5}{Discussion of Results}{section.7.2}% 83
\BOOKMARK [-1][-]{part.5}{Conclusion}{}% 84
\BOOKMARK [0][-]{chapter.8}{Conclusion and Further Work}{part.5}% 85
\BOOKMARK [1][-]{section.8.1}{Conclusion}{chapter.8}% 86
\BOOKMARK [1][-]{section.8.2}{Further Work}{chapter.8}% 87
\BOOKMARK [2][-]{subsection.8.2.1}{Simulation Tool}{section.8.2}% 88
\BOOKMARK [2][-]{subsection.8.2.2}{TCOS Algorithms}{section.8.2}% 89
\BOOKMARK [-1][-]{part.6}{Appendices}{}% 90
\BOOKMARK [0][-]{appendix.A}{Materials referred to in chapter 3}{part.6}% 91
\BOOKMARK [1][-]{section.A.1}{XML Materials}{appendix.A}% 92
\BOOKMARK [2][-]{subsection.A.1.1}{Sample Passenger Arrival Schedule file}{section.A.1}% 93
\BOOKMARK [2][-]{subsection.A.1.2}{Sample Simulation Configuration file}{section.A.1}% 94
\BOOKMARK [1][-]{section.A.2}{Validation Materials}{appendix.A}% 95
\BOOKMARK [2][-]{subsection.A.2.1}{Passenger Arrival Schedule}{section.A.2}% 96
\BOOKMARK [2][-]{subsection.A.2.2}{Trace Table}{section.A.2}% 97
\BOOKMARK [0][-]{appendix.B}{Materials referred to in chapter 4}{part.6}% 98
\BOOKMARK [1][-]{section.B.1}{Validation Materials}{appendix.B}% 99
\BOOKMARK [2][-]{subsection.B.1.1}{Passenger Arrival Schedule}{section.B.1}% 100
\BOOKMARK [2][-]{subsection.B.1.2}{Trace Table}{section.B.1}% 101
